<?xml version="1.0" encoding="UTF-8"?>
<testng-results ignored="0" total="1" passed="1" failed="0" skipped="0">
  <reporter-output>
  </reporter-output>
  <suite started-at="2024-08-09T15:11:10 IST" name="Default suite" finished-at="2024-08-09T15:11:23 IST" duration-ms="12588">
    <groups>
    </groups>
    <test started-at="2024-08-09T15:11:10 IST" name="Default test" finished-at="2024-08-09T15:11:23 IST" duration-ms="12588">
      <class name="ui.Assertions">
        <test-method is-config="true" signature="setup()[pri:0, instance:ui.Assertions@1e178745]" started-at="2024-08-09T15:11:10 IST" name="setup" finished-at="2024-08-09T15:11:14 IST" duration-ms="3691" status="PASS">
          <reporter-output>
          </reporter-output>
        </test-method> <!-- setup -->
        <test-method signature="assertions()[pri:0, instance:ui.Assertions@1e178745]" started-at="2024-08-09T15:11:14 IST" name="assertions" finished-at="2024-08-09T15:11:23 IST" duration-ms="8840" status="PASS">
          <reporter-output>
          </reporter-output>
        </test-method> <!-- assertions -->
      </class> <!-- ui.Assertions -->
    </test> <!-- Default test -->
  </suite> <!-- Default suite -->
</testng-results>
